<?xml version="1.0" encoding="UTF-8" ?>

<testsuite failures="0" time="0.18" errors="0" skipped="0" tests="4" name="BasicTest">
  <testcase classname="BasicTest" name="createandRetrieveUser" time="0.038">
      </testcase>
  <testcase classname="BasicTest" name="saveAndRetriveHobbybyUser" time="0.046">
      </testcase>
  <testcase classname="BasicTest" name="saveAndRetrieveCarbyUser" time="0.035">
      </testcase>
  <testcase classname="BasicTest" name="RetriveCarBrandAndListUsers" time="0.061">
      </testcase>
</testsuite>
